<?xml version="1.0" encoding="UTF-8"?>
<!-- Generated by org.testng.reporters.JUnitReportReporter -->
<testsuite hostname="LAPTOP-5F7SH6V0" failures="0" tests="1" name="com.cyient.test.LoginTest" time="33.439" errors="0" timestamp="2021-06-21T11:12:55 IST" skipped="0">
  <testcase classname="com.cyient.test.LoginTest" name="navigationTest" time="33.439"/>
  <system-out/>
</testsuite> <!-- com.cyient.test.LoginTest -->
